INFO  [2022-05-16 05:26:28,471] io.dropwizard.server.DefaultServerFactory: Registering jersey handler with root path prefix: /
INFO  [2022-05-16 05:26:28,479] io.dropwizard.server.DefaultServerFactory: Registering admin handler with root path prefix: /
INFO  [2022-05-16 05:26:28,787] org.hibernate.Version: HHH000412: Hibernate Core {5.4.10.Final}
INFO  [2022-05-16 05:26:29,035] io.dropwizard.hibernate.SessionFactoryFactory: Entity classes: [com.mroads.project.core.Geolocation]
INFO  [2022-05-16 05:26:29,083] org.hibernate.annotations.common.Version: HCANN000001: Hibernate Commons Annotations {5.1.0.Final}
INFO  [2022-05-16 05:26:30,783] org.hibernate.dialect.Dialect: HHH000400: Using dialect: org.hibernate.dialect.MySQL5InnoDBDialect
INFO  [2022-05-16 05:26:32,679] io.dropwizard.server.ServerFactory: Starting DropWizard-GeoLocation
================================================================================

                              DropWizard-GeoLocation

================================================================================

INFO  [2022-05-16 05:26:32,879] org.eclipse.jetty.setuid.SetUIDListener: Opened application@13dd7887{HTTP/1.1,[http/1.1]}{0.0.0.0:8080}
INFO  [2022-05-16 05:26:32,879] org.eclipse.jetty.setuid.SetUIDListener: Opened admin@780129bc{HTTP/1.1,[http/1.1]}{0.0.0.0:8081}
INFO  [2022-05-16 05:26:32,883] org.eclipse.jetty.server.Server: jetty-9.4.24.v20191120; built: 2019-11-20T21:37:49.771Z; git: 363d5f2df3a8a28de40604320230664b9c793c16; jvm 16.0.1+9-24
INFO  [2022-05-16 05:26:34,299] io.dropwizard.jersey.DropwizardResourceConfig: The following paths were found for the configured resources:

    POST    /geolocation/add (com.mroads.project.resources.GeolocationResource)
    GET     /geolocation/find/{ipAddress} (com.mroads.project.resources.GeolocationResource)
    GET     /geolocation/getAll (com.mroads.project.resources.GeolocationResource)

INFO  [2022-05-16 05:26:34,303] org.eclipse.jetty.server.handler.ContextHandler: Started i.d.j.MutableServletContextHandler@7944c323{/,null,AVAILABLE}
INFO  [2022-05-16 05:26:34,311] io.dropwizard.setup.AdminEnvironment: tasks = 

    POST    /tasks/log-level (io.dropwizard.servlets.tasks.LogConfigurationTask)
    POST    /tasks/gc (io.dropwizard.servlets.tasks.GarbageCollectionTask)

INFO  [2022-05-16 05:26:34,323] org.eclipse.jetty.server.handler.ContextHandler: Started i.d.j.MutableServletContextHandler@2aaa89c2{/,null,AVAILABLE}
INFO  [2022-05-16 05:26:34,383] org.eclipse.jetty.server.AbstractConnector: Started application@13dd7887{HTTP/1.1,[http/1.1]}{0.0.0.0:8080}
INFO  [2022-05-16 05:26:34,391] org.eclipse.jetty.server.AbstractConnector: Started admin@780129bc{HTTP/1.1,[http/1.1]}{0.0.0.0:8081}
INFO  [2022-05-16 05:26:34,391] org.eclipse.jetty.server.Server: Started @9783ms
INFO  [2022-05-16 05:26:43,050] org.hibernate.engine.internal.StatisticalLoggingSessionEventListener: Session Metrics {
    87200 nanoseconds spent acquiring 1 JDBC connections;
    50000 nanoseconds spent releasing 1 JDBC connections;
    20754200 nanoseconds spent preparing 1 JDBC statements;
    3660000 nanoseconds spent executing 1 JDBC statements;
    0 nanoseconds spent executing 0 JDBC batches;
    0 nanoseconds spent performing 0 L2C puts;
    0 nanoseconds spent performing 0 L2C hits;
    0 nanoseconds spent performing 0 L2C misses;
    15676900 nanoseconds spent executing 1 flushes (flushing a total of 4 entities and 0 collections);
    29100 nanoseconds spent executing 1 partial-flushes (flushing a total of 0 entities and 0 collections)
}
INFO  [2022-05-16 05:28:20,286] org.eclipse.jetty.server.AbstractConnector: Stopped application@13dd7887{HTTP/1.1,[http/1.1]}{0.0.0.0:8080}
INFO  [2022-05-16 05:28:20,295] org.eclipse.jetty.server.AbstractConnector: Stopped admin@780129bc{HTTP/1.1,[http/1.1]}{0.0.0.0:8081}
INFO  [2022-05-16 05:28:20,295] org.eclipse.jetty.server.handler.ContextHandler: Stopped i.d.j.MutableServletContextHandler@2aaa89c2{/,null,UNAVAILABLE}
INFO  [2022-05-16 05:28:20,304] org.eclipse.jetty.server.handler.ContextHandler: Stopped i.d.j.MutableServletContextHandler@7944c323{/,null,UNAVAILABLE}
INFO  [2022-05-16 05:33:46,803] io.dropwizard.server.DefaultServerFactory: Registering jersey handler with root path prefix: /
INFO  [2022-05-16 05:33:46,814] io.dropwizard.server.DefaultServerFactory: Registering admin handler with root path prefix: /
INFO  [2022-05-16 05:33:47,124] org.hibernate.Version: HHH000412: Hibernate Core {5.4.10.Final}
INFO  [2022-05-16 05:33:47,392] io.dropwizard.hibernate.SessionFactoryFactory: Entity classes: [com.mroads.project.core.Geolocation]
INFO  [2022-05-16 05:33:47,448] org.hibernate.annotations.common.Version: HCANN000001: Hibernate Commons Annotations {5.1.0.Final}
INFO  [2022-05-16 05:33:49,020] org.hibernate.dialect.Dialect: HHH000400: Using dialect: org.hibernate.dialect.MySQL5InnoDBDialect
INFO  [2022-05-16 05:33:50,505] io.dropwizard.server.ServerFactory: Starting DropWizard-GeoLocation
================================================================================

                              DropWizard-GeoLocation

================================================================================

INFO  [2022-05-16 05:33:50,669] org.eclipse.jetty.setuid.SetUIDListener: Opened application@15be68b{HTTP/1.1,[http/1.1]}{0.0.0.0:8080}
INFO  [2022-05-16 05:33:50,669] org.eclipse.jetty.setuid.SetUIDListener: Opened admin@22ff1372{HTTP/1.1,[http/1.1]}{0.0.0.0:8081}
INFO  [2022-05-16 05:33:50,673] org.eclipse.jetty.server.Server: jetty-9.4.24.v20191120; built: 2019-11-20T21:37:49.771Z; git: 363d5f2df3a8a28de40604320230664b9c793c16; jvm 16.0.1+9-24
INFO  [2022-05-16 05:33:51,693] io.dropwizard.jersey.DropwizardResourceConfig: The following paths were found for the configured resources:

    POST    /geolocation/add (com.mroads.project.resources.GeolocationResource)
    GET     /geolocation/find/{ipAddress} (com.mroads.project.resources.GeolocationResource)
    GET     /geolocation/getAll (com.mroads.project.resources.GeolocationResource)

INFO  [2022-05-16 05:33:51,705] org.eclipse.jetty.server.handler.ContextHandler: Started i.d.j.MutableServletContextHandler@2b0d85bd{/,null,AVAILABLE}
INFO  [2022-05-16 05:33:51,713] io.dropwizard.setup.AdminEnvironment: tasks = 

    POST    /tasks/log-level (io.dropwizard.servlets.tasks.LogConfigurationTask)
    POST    /tasks/gc (io.dropwizard.servlets.tasks.GarbageCollectionTask)

INFO  [2022-05-16 05:33:51,721] org.eclipse.jetty.server.handler.ContextHandler: Started i.d.j.MutableServletContextHandler@470f0637{/,null,AVAILABLE}
INFO  [2022-05-16 05:33:51,745] org.eclipse.jetty.server.AbstractConnector: Started application@15be68b{HTTP/1.1,[http/1.1]}{0.0.0.0:8080}
INFO  [2022-05-16 05:33:51,753] org.eclipse.jetty.server.AbstractConnector: Started admin@22ff1372{HTTP/1.1,[http/1.1]}{0.0.0.0:8081}
INFO  [2022-05-16 05:33:51,753] org.eclipse.jetty.server.Server: Started @9129ms
INFO  [2022-05-16 05:34:05,702] org.eclipse.jetty.server.AbstractConnector: Stopped application@15be68b{HTTP/1.1,[http/1.1]}{0.0.0.0:8080}
INFO  [2022-05-16 05:34:05,713] org.eclipse.jetty.server.AbstractConnector: Stopped admin@22ff1372{HTTP/1.1,[http/1.1]}{0.0.0.0:8081}
INFO  [2022-05-16 05:34:05,713] org.eclipse.jetty.server.handler.ContextHandler: Stopped i.d.j.MutableServletContextHandler@470f0637{/,null,UNAVAILABLE}
INFO  [2022-05-16 05:34:05,722] org.eclipse.jetty.server.handler.ContextHandler: Stopped i.d.j.MutableServletContextHandler@2b0d85bd{/,null,UNAVAILABLE}
INFO  [2022-05-16 05:52:10,811] io.dropwizard.server.DefaultServerFactory: Registering jersey handler with root path prefix: /
INFO  [2022-05-16 05:52:10,825] io.dropwizard.server.DefaultServerFactory: Registering admin handler with root path prefix: /
INFO  [2022-05-16 05:52:11,143] org.hibernate.Version: HHH000412: Hibernate Core {5.4.10.Final}
INFO  [2022-05-16 05:52:11,429] io.dropwizard.hibernate.SessionFactoryFactory: Entity classes: [com.mroads.project.core.Geolocation]
INFO  [2022-05-16 05:52:11,476] org.hibernate.annotations.common.Version: HCANN000001: Hibernate Commons Annotations {5.1.0.Final}
INFO  [2022-05-16 05:52:12,918] org.hibernate.dialect.Dialect: HHH000400: Using dialect: org.hibernate.dialect.MySQL5InnoDBDialect
INFO  [2022-05-16 05:52:14,759] io.dropwizard.server.ServerFactory: Starting DropWizard-GeoLocation
================================================================================

                              DropWizard-GeoLocation

================================================================================

INFO  [2022-05-16 05:52:14,959] org.eclipse.jetty.setuid.SetUIDListener: Opened application@340c57e0{HTTP/1.1,[http/1.1]}{0.0.0.0:8080}
INFO  [2022-05-16 05:52:14,959] org.eclipse.jetty.setuid.SetUIDListener: Opened admin@137a4b54{HTTP/1.1,[http/1.1]}{0.0.0.0:8081}
INFO  [2022-05-16 05:52:14,959] org.eclipse.jetty.server.Server: jetty-9.4.24.v20191120; built: 2019-11-20T21:37:49.771Z; git: 363d5f2df3a8a28de40604320230664b9c793c16; jvm 16.0.1+9-24
INFO  [2022-05-16 05:52:15,993] io.dropwizard.jersey.DropwizardResourceConfig: The following paths were found for the configured resources:

    POST    /geolocation/add (com.mroads.project.resources.GeolocationResource)
    GET     /geolocation/find/{ipAddress} (com.mroads.project.resources.GeolocationResource)
    GET     /geolocation/getAll (com.mroads.project.resources.GeolocationResource)

INFO  [2022-05-16 05:52:15,993] org.eclipse.jetty.server.handler.ContextHandler: Started i.d.j.MutableServletContextHandler@fcd3a6f{/,null,AVAILABLE}
INFO  [2022-05-16 05:52:16,009] io.dropwizard.setup.AdminEnvironment: tasks = 

    POST    /tasks/log-level (io.dropwizard.servlets.tasks.LogConfigurationTask)
    POST    /tasks/gc (io.dropwizard.servlets.tasks.GarbageCollectionTask)

INFO  [2022-05-16 05:52:16,009] org.eclipse.jetty.server.handler.ContextHandler: Started i.d.j.MutableServletContextHandler@2573b149{/,null,AVAILABLE}
INFO  [2022-05-16 05:52:16,040] org.eclipse.jetty.server.AbstractConnector: Started application@340c57e0{HTTP/1.1,[http/1.1]}{0.0.0.0:8080}
INFO  [2022-05-16 05:52:16,056] org.eclipse.jetty.server.AbstractConnector: Started admin@137a4b54{HTTP/1.1,[http/1.1]}{0.0.0.0:8081}
INFO  [2022-05-16 05:52:16,056] org.eclipse.jetty.server.Server: Started @9485ms
INFO  [2022-05-16 05:54:00,489] org.hibernate.engine.internal.StatisticalLoggingSessionEventListener: Session Metrics {
    81700 nanoseconds spent acquiring 1 JDBC connections;
    53400 nanoseconds spent releasing 1 JDBC connections;
    22189200 nanoseconds spent preparing 1 JDBC statements;
    5387800 nanoseconds spent executing 1 JDBC statements;
    0 nanoseconds spent executing 0 JDBC batches;
    0 nanoseconds spent performing 0 L2C puts;
    0 nanoseconds spent performing 0 L2C hits;
    0 nanoseconds spent performing 0 L2C misses;
    18078200 nanoseconds spent executing 1 flushes (flushing a total of 4 entities and 0 collections);
    44200 nanoseconds spent executing 1 partial-flushes (flushing a total of 0 entities and 0 collections)
}
INFO  [2022-05-16 05:55:00,032] org.hibernate.engine.internal.StatisticalLoggingSessionEventListener: Session Metrics {
    111900 nanoseconds spent acquiring 1 JDBC connections;
    49400 nanoseconds spent releasing 1 JDBC connections;
    1856400 nanoseconds spent preparing 1 JDBC statements;
    2358900 nanoseconds spent executing 1 JDBC statements;
    0 nanoseconds spent executing 0 JDBC batches;
    0 nanoseconds spent performing 0 L2C puts;
    0 nanoseconds spent performing 0 L2C hits;
    0 nanoseconds spent performing 0 L2C misses;
    450300 nanoseconds spent executing 1 flushes (flushing a total of 4 entities and 0 collections);
    5900 nanoseconds spent executing 1 partial-flushes (flushing a total of 0 entities and 0 collections)
}
INFO  [2022-05-16 05:55:14,405] org.hibernate.engine.internal.StatisticalLoggingSessionEventListener: Session Metrics {
    79800 nanoseconds spent acquiring 1 JDBC connections;
    33800 nanoseconds spent releasing 1 JDBC connections;
    547800 nanoseconds spent preparing 1 JDBC statements;
    3850800 nanoseconds spent executing 1 JDBC statements;
    0 nanoseconds spent executing 0 JDBC batches;
    0 nanoseconds spent performing 0 L2C puts;
    0 nanoseconds spent performing 0 L2C hits;
    0 nanoseconds spent performing 0 L2C misses;
    433100 nanoseconds spent executing 1 flushes (flushing a total of 4 entities and 0 collections);
    7900 nanoseconds spent executing 1 partial-flushes (flushing a total of 0 entities and 0 collections)
}
INFO  [2022-05-16 05:55:16,161] org.hibernate.engine.internal.StatisticalLoggingSessionEventListener: Session Metrics {
    1224600 nanoseconds spent acquiring 1 JDBC connections;
    73600 nanoseconds spent releasing 1 JDBC connections;
    658500 nanoseconds spent preparing 1 JDBC statements;
    2784600 nanoseconds spent executing 1 JDBC statements;
    0 nanoseconds spent executing 0 JDBC batches;
    0 nanoseconds spent performing 0 L2C puts;
    0 nanoseconds spent performing 0 L2C hits;
    0 nanoseconds spent performing 0 L2C misses;
    593900 nanoseconds spent executing 1 flushes (flushing a total of 4 entities and 0 collections);
    8200 nanoseconds spent executing 1 partial-flushes (flushing a total of 0 entities and 0 collections)
}
INFO  [2022-05-16 06:00:05,692] org.eclipse.jetty.server.AbstractConnector: Stopped application@340c57e0{HTTP/1.1,[http/1.1]}{0.0.0.0:8080}
INFO  [2022-05-16 06:00:05,692] org.eclipse.jetty.server.AbstractConnector: Stopped admin@137a4b54{HTTP/1.1,[http/1.1]}{0.0.0.0:8081}
INFO  [2022-05-16 06:00:05,696] org.eclipse.jetty.server.handler.ContextHandler: Stopped i.d.j.MutableServletContextHandler@2573b149{/,null,UNAVAILABLE}
INFO  [2022-05-16 06:00:05,708] org.eclipse.jetty.server.handler.ContextHandler: Stopped i.d.j.MutableServletContextHandler@fcd3a6f{/,null,UNAVAILABLE}
INFO  [2022-05-16 07:40:07,060] io.dropwizard.server.DefaultServerFactory: Registering jersey handler with root path prefix: /
INFO  [2022-05-16 07:40:07,103] io.dropwizard.server.DefaultServerFactory: Registering admin handler with root path prefix: /
INFO  [2022-05-16 07:40:07,768] org.hibernate.Version: HHH000412: Hibernate Core {5.4.10.Final}
INFO  [2022-05-16 07:40:08,173] io.dropwizard.hibernate.SessionFactoryFactory: Entity classes: [com.mroads.project.core.Geolocation]
INFO  [2022-05-16 07:40:08,299] org.hibernate.annotations.common.Version: HCANN000001: Hibernate Commons Annotations {5.1.0.Final}
INFO  [2022-05-16 07:40:13,156] org.hibernate.dialect.Dialect: HHH000400: Using dialect: org.hibernate.dialect.MySQL5InnoDBDialect
INFO  [2022-05-16 07:40:15,793] io.dropwizard.server.ServerFactory: Starting DropWizard-GeoLocation
================================================================================

                              DropWizard-GeoLocation

================================================================================

INFO  [2022-05-16 07:40:16,368] org.eclipse.jetty.setuid.SetUIDListener: Opened application@35ab4260{HTTP/1.1,[http/1.1]}{0.0.0.0:8080}
INFO  [2022-05-16 07:40:16,369] org.eclipse.jetty.setuid.SetUIDListener: Opened admin@76134b9b{HTTP/1.1,[http/1.1]}{0.0.0.0:8081}
INFO  [2022-05-16 07:40:16,394] org.eclipse.jetty.server.Server: jetty-9.4.24.v20191120; built: 2019-11-20T21:37:49.771Z; git: 363d5f2df3a8a28de40604320230664b9c793c16; jvm 16.0.1+9-24
INFO  [2022-05-16 07:40:18,296] io.dropwizard.jersey.DropwizardResourceConfig: The following paths were found for the configured resources:

    POST    /geolocation/add (com.mroads.project.resources.GeolocationResource)
    GET     /geolocation/find/{ipAddress} (com.mroads.project.resources.GeolocationResource)
    GET     /geolocation/getAll (com.mroads.project.resources.GeolocationResource)

INFO  [2022-05-16 07:40:18,311] org.eclipse.jetty.server.handler.ContextHandler: Started i.d.j.MutableServletContextHandler@7845ee8a{/,null,AVAILABLE}
INFO  [2022-05-16 07:40:18,331] io.dropwizard.setup.AdminEnvironment: tasks = 

    POST    /tasks/log-level (io.dropwizard.servlets.tasks.LogConfigurationTask)
    POST    /tasks/gc (io.dropwizard.servlets.tasks.GarbageCollectionTask)

INFO  [2022-05-16 07:40:18,353] org.eclipse.jetty.server.handler.ContextHandler: Started i.d.j.MutableServletContextHandler@1479ed5a{/,null,AVAILABLE}
INFO  [2022-05-16 07:40:18,421] org.eclipse.jetty.server.AbstractConnector: Started application@35ab4260{HTTP/1.1,[http/1.1]}{0.0.0.0:8080}
INFO  [2022-05-16 07:40:18,434] org.eclipse.jetty.server.AbstractConnector: Started admin@76134b9b{HTTP/1.1,[http/1.1]}{0.0.0.0:8081}
INFO  [2022-05-16 07:40:18,434] org.eclipse.jetty.server.Server: Started @21593ms
INFO  [2022-05-16 07:41:41,345] com.mroads.project.core.Geolocation: Get all geolocation data from database.
INFO  [2022-05-16 07:41:41,830] org.hibernate.engine.internal.StatisticalLoggingSessionEventListener: Session Metrics {
    76200 nanoseconds spent acquiring 1 JDBC connections;
    71600 nanoseconds spent releasing 1 JDBC connections;
    20760100 nanoseconds spent preparing 1 JDBC statements;
    93469400 nanoseconds spent executing 1 JDBC statements;
    0 nanoseconds spent executing 0 JDBC batches;
    0 nanoseconds spent performing 0 L2C puts;
    0 nanoseconds spent performing 0 L2C hits;
    0 nanoseconds spent performing 0 L2C misses;
    57437600 nanoseconds spent executing 1 flushes (flushing a total of 4 entities and 0 collections);
    33400 nanoseconds spent executing 1 partial-flushes (flushing a total of 0 entities and 0 collections)
}
INFO  [2022-05-16 07:42:22,350] com.mroads.project.core.Geolocation: Data is fetched from database.
INFO  [2022-05-16 07:42:22,359] org.hibernate.engine.internal.StatisticalLoggingSessionEventListener: Session Metrics {
    79600 nanoseconds spent acquiring 1 JDBC connections;
    41000 nanoseconds spent releasing 1 JDBC connections;
    840300 nanoseconds spent preparing 1 JDBC statements;
    12633800 nanoseconds spent executing 1 JDBC statements;
    0 nanoseconds spent executing 0 JDBC batches;
    0 nanoseconds spent performing 0 L2C puts;
    0 nanoseconds spent performing 0 L2C hits;
    0 nanoseconds spent performing 0 L2C misses;
    208200 nanoseconds spent executing 1 flushes (flushing a total of 1 entities and 0 collections);
    0 nanoseconds spent executing 0 partial-flushes (flushing a total of 0 entities and 0 collections)
}
INFO  [2022-05-16 07:42:48,456] org.eclipse.jetty.server.AbstractConnector: Stopped application@35ab4260{HTTP/1.1,[http/1.1]}{0.0.0.0:8080}
INFO  [2022-05-16 07:42:48,458] org.eclipse.jetty.server.AbstractConnector: Stopped admin@76134b9b{HTTP/1.1,[http/1.1]}{0.0.0.0:8081}
INFO  [2022-05-16 07:42:48,463] org.eclipse.jetty.server.handler.ContextHandler: Stopped i.d.j.MutableServletContextHandler@1479ed5a{/,null,UNAVAILABLE}
INFO  [2022-05-16 07:42:48,475] org.eclipse.jetty.server.handler.ContextHandler: Stopped i.d.j.MutableServletContextHandler@7845ee8a{/,null,UNAVAILABLE}
